Drill report for PicoA10400.kicad_pcb
Created on 2024-11-25T23:44:49+0100

Copper Layer Stackup:
    =============================================================
    L1 :  F.Cu                      front
    L2 :  B.Cu                      back


Drill file 'PicoA10400-PTH.drl' contains
    plated through holes:
    =============================================================
    T1  0,400mm  0,0157"  (29 holes)
    T2  0,800mm  0,0315"  (10 holes)
    T3  0,900mm  0,0354"  (2 holes)
    T4  0,990mm  0,0390"  (2 holes)
    T5  1,000mm  0,0394"  (40 holes)
    T6  1,300mm  0,0512"  (2 holes)
    T7  1,500mm  0,0591"  (2 holes)

    Total plated holes count 87


Drill file 'PicoA10400-NPTH.drl' contains
    unplated through holes:
    =============================================================

    Total unplated holes count 0
